<?xml version="1.0" encoding="UTF-8"?>
<testsuite name="ru.kashtyra.alexandr.demo.service.ProductServiceTest" tests="4" skipped="0" failures="0" errors="0" timestamp="2020-09-19T09:34:55" hostname="DESKTOP-NNJSSIS" time="0.441">
  <properties/>
  <testcase name="addWithException()" classname="ru.kashtyra.alexandr.demo.service.ProductServiceTest" time="0.226"/>
  <testcase name="addTest()" classname="ru.kashtyra.alexandr.demo.service.ProductServiceTest" time="0.069"/>
  <testcase name="editWithException()" classname="ru.kashtyra.alexandr.demo.service.ProductServiceTest" time="0.028"/>
  <testcase name="addTypeException()" classname="ru.kashtyra.alexandr.demo.service.ProductServiceTest" time="0.044"/>
  <system-out><![CDATA[16:34:45.288 [Test worker] DEBUG org.springframework.test.context.BootstrapUtils - Instantiating CacheAwareContextLoaderDelegate from class [org.springframework.test.context.cache.DefaultCacheAwareContextLoaderDelegate]
16:34:45.314 [Test worker] DEBUG org.springframework.test.context.BootstrapUtils - Instantiating BootstrapContext using constructor [public org.springframework.test.context.support.DefaultBootstrapContext(java.lang.Class,org.springframework.test.context.CacheAwareContextLoaderDelegate)]
16:34:45.383 [Test worker] DEBUG org.springframework.test.context.BootstrapUtils - Instantiating TestContextBootstrapper for test class [ru.kashtyra.alexandr.demo.service.ProductServiceTest] from class [org.springframework.boot.test.autoconfigure.orm.jpa.DataJpaTestContextBootstrapper]
16:34:45.436 [Test worker] INFO org.springframework.boot.test.autoconfigure.orm.jpa.DataJpaTestContextBootstrapper - Neither @ContextConfiguration nor @ContextHierarchy found for test class [ru.kashtyra.alexandr.demo.service.ProductServiceTest], using SpringBootContextLoader
16:34:45.450 [Test worker] DEBUG org.springframework.test.context.support.AbstractContextLoader - Did not detect default resource location for test class [ru.kashtyra.alexandr.demo.service.ProductServiceTest]: class path resource [ru/kashtyra/alexandr/demo/service/ProductServiceTest-context.xml] does not exist
16:34:45.452 [Test worker] DEBUG org.springframework.test.context.support.AbstractContextLoader - Did not detect default resource location for test class [ru.kashtyra.alexandr.demo.service.ProductServiceTest]: class path resource [ru/kashtyra/alexandr/demo/service/ProductServiceTestContext.groovy] does not exist
16:34:45.453 [Test worker] INFO org.springframework.test.context.support.AbstractContextLoader - Could not detect default resource locations for test class [ru.kashtyra.alexandr.demo.service.ProductServiceTest]: no resource found for suffixes {-context.xml, Context.groovy}.
16:34:45.455 [Test worker] INFO org.springframework.test.context.support.AnnotationConfigContextLoaderUtils - Could not detect default configuration classes for test class [ru.kashtyra.alexandr.demo.service.ProductServiceTest]: ProductServiceTest does not declare any static, non-private, non-final, nested classes annotated with @Configuration.
16:34:45.696 [Test worker] DEBUG org.springframework.test.context.support.ActiveProfilesUtils - Could not find an 'annotation declaring class' for annotation type [org.springframework.test.context.ActiveProfiles] and class [ru.kashtyra.alexandr.demo.service.ProductServiceTest]
16:34:45.861 [Test worker] DEBUG org.springframework.context.annotation.ClassPathScanningCandidateComponentProvider - Identified candidate component class: file [C:\Users\dota_\Desktop\CFT_SHIFT_LAB\build\classes\java\main\ru\kashtyra\alexandr\demo\DemoApplication.class]
16:34:45.866 [Test worker] INFO org.springframework.boot.test.context.SpringBootTestContextBootstrapper - Found @SpringBootConfiguration ru.kashtyra.alexandr.demo.DemoApplication for test class ru.kashtyra.alexandr.demo.service.ProductServiceTest
16:34:45.872 [Test worker] DEBUG org.springframework.boot.test.autoconfigure.orm.jpa.DataJpaTestContextBootstrapper - @TestExecutionListeners is not present for class [ru.kashtyra.alexandr.demo.service.ProductServiceTest]: using defaults.
16:34:45.873 [Test worker] INFO org.springframework.boot.test.autoconfigure.orm.jpa.DataJpaTestContextBootstrapper - Loaded default TestExecutionListener class names from location [META-INF/spring.factories]: [org.springframework.boot.test.autoconfigure.restdocs.RestDocsTestExecutionListener, org.springframework.boot.test.autoconfigure.web.client.MockRestServiceServerResetTestExecutionListener, org.springframework.boot.test.autoconfigure.web.servlet.MockMvcPrintOnlyOnFailureTestExecutionListener, org.springframework.boot.test.autoconfigure.web.servlet.WebDriverTestExecutionListener, org.springframework.boot.test.autoconfigure.webservices.client.MockWebServiceServerTestExecutionListener, org.springframework.boot.test.mock.mockito.MockitoTestExecutionListener, org.springframework.boot.test.mock.mockito.ResetMocksTestExecutionListener, org.springframework.test.context.web.ServletTestExecutionListener, org.springframework.test.context.support.DirtiesContextBeforeModesTestExecutionListener, org.springframework.test.context.support.DependencyInjectionTestExecutionListener, org.springframework.test.context.support.DirtiesContextTestExecutionListener, org.springframework.test.context.transaction.TransactionalTestExecutionListener, org.springframework.test.context.jdbc.SqlScriptsTestExecutionListener, org.springframework.test.context.event.EventPublishingTestExecutionListener]
16:34:45.960 [Test worker] INFO org.springframework.boot.test.autoconfigure.orm.jpa.DataJpaTestContextBootstrapper - Using TestExecutionListeners: [org.springframework.test.context.web.ServletTestExecutionListener@5a5cc076, org.springframework.test.context.support.DirtiesContextBeforeModesTestExecutionListener@2013de8e, org.springframework.boot.test.mock.mockito.MockitoTestExecutionListener@15f90225, org.springframework.boot.test.autoconfigure.SpringBootDependencyInjectionTestExecutionListener@54075cb2, org.springframework.test.context.support.DirtiesContextTestExecutionListener@68e47934, org.springframework.test.context.transaction.TransactionalTestExecutionListener@563d2d08, org.springframework.test.context.jdbc.SqlScriptsTestExecutionListener@b08f5c0, org.springframework.test.context.event.EventPublishingTestExecutionListener@6584dadf, org.springframework.boot.test.autoconfigure.restdocs.RestDocsTestExecutionListener@2e622282, org.springframework.boot.test.autoconfigure.web.client.MockRestServiceServerResetTestExecutionListener@11080f2b, org.springframework.boot.test.autoconfigure.web.servlet.MockMvcPrintOnlyOnFailureTestExecutionListener@5de24e3f, org.springframework.boot.test.autoconfigure.web.servlet.WebDriverTestExecutionListener@1ef3257e, org.springframework.boot.test.autoconfigure.webservices.client.MockWebServiceServerTestExecutionListener@213a7210, org.springframework.boot.test.mock.mockito.ResetMocksTestExecutionListener@709a504b]
16:34:45.972 [Test worker] DEBUG org.springframework.test.context.support.AbstractDirtiesContextTestExecutionListener - Before test class: context [DefaultTestContext@904e97b testClass = ProductServiceTest, testInstance = [null], testMethod = [null], testException = [null], mergedContextConfiguration = [MergedContextConfiguration@5187a468 testClass = ProductServiceTest, locations = '{}', classes = '{class ru.kashtyra.alexandr.demo.DemoApplication}', contextInitializerClasses = '[]', activeProfiles = '{}', propertySourceLocations = '{}', propertySourceProperties = '{org.springframework.boot.test.autoconfigure.orm.jpa.DataJpaTestContextBootstrapper=true}', contextCustomizers = set[org.springframework.boot.test.autoconfigure.OverrideAutoConfigurationContextCustomizerFactory$DisableAutoConfigurationContextCustomizer@77dd23b1, org.springframework.boot.test.autoconfigure.filter.TypeExcludeFiltersContextCustomizer@351584c0, org.springframework.boot.test.autoconfigure.properties.PropertyMappingContextCustomizer@f54244fa, org.springframework.boot.test.autoconfigure.web.servlet.WebDriverContextCustomizerFactory$Customizer@7bb1fc6e, [ImportsContextCustomizer@54d853ab key = [org.springframework.boot.autoconfigure.cache.CacheAutoConfiguration, org.springframework.boot.autoconfigure.data.jpa.JpaRepositoriesAutoConfiguration, org.springframework.boot.autoconfigure.flyway.FlywayAutoConfiguration, org.springframework.boot.autoconfigure.jdbc.DataSourceAutoConfiguration, org.springframework.boot.autoconfigure.jdbc.DataSourceTransactionManagerAutoConfiguration, org.springframework.boot.autoconfigure.jdbc.JdbcTemplateAutoConfiguration, org.springframework.boot.autoconfigure.liquibase.LiquibaseAutoConfiguration, org.springframework.boot.autoconfigure.orm.jpa.HibernateJpaAutoConfiguration, org.springframework.boot.autoconfigure.transaction.TransactionAutoConfiguration, org.springframework.boot.test.autoconfigure.jdbc.TestDatabaseAutoConfiguration, org.springframework.boot.test.autoconfigure.orm.jpa.TestEntityManagerAutoConfiguration]], org.springframework.boot.test.context.filter.ExcludeFilterContextCustomizer@1cfd7d95, org.springframework.boot.test.json.DuplicateJsonObjectContextCustomizerFactory$DuplicateJsonObjectContextCustomizer@65f7dce7, org.springframework.boot.test.mock.mockito.MockitoContextCustomizer@aca74b8c, org.springframework.boot.test.context.SpringBootTestArgs@1], contextLoader = 'org.springframework.boot.test.context.SpringBootContextLoader', parent = [null]], attributes = map[[empty]]], class annotated with @DirtiesContext [false] with mode [null].
16:34:46.072 [Test worker] DEBUG org.springframework.test.context.support.TestPropertySourceUtils - Adding inlined properties to environment: {spring.jmx.enabled=false, org.springframework.boot.test.autoconfigure.orm.jpa.DataJpaTestContextBootstrapper=true}

  .   ____          _            __ _ _
 /\\ / ___'_ __ _ _(_)_ __  __ _ \ \ \ \
( ( )\___ | '_ | '_| | '_ \/ _` | \ \ \ \
 \\/  ___)| |_)| | | | | || (_| |  ) ) ) )
  '  |____| .__|_| |_|_| |_\__, | / / / /
 =========|_|==============|___/=/_/_/_/
 :: Spring Boot ::        (v2.3.3.RELEASE)

2020-09-19 16:34:47.176  INFO 10076 --- [    Test worker] r.k.a.demo.service.ProductServiceTest    : Starting ProductServiceTest on DESKTOP-NNJSSIS with PID 10076 (started by Александр in C:\Users\dota_\Desktop\CFT_SHIFT_LAB)
2020-09-19 16:34:47.188  INFO 10076 --- [    Test worker] r.k.a.demo.service.ProductServiceTest    : No active profile set, falling back to default profiles: default
2020-09-19 16:34:48.379  INFO 10076 --- [    Test worker] .s.d.r.c.RepositoryConfigurationDelegate : Multiple Spring Data modules found, entering strict repository configuration mode!
2020-09-19 16:34:48.384  INFO 10076 --- [    Test worker] .s.d.r.c.RepositoryConfigurationDelegate : Bootstrapping Spring Data JPA repositories in LAZY mode.
2020-09-19 16:34:48.646  INFO 10076 --- [    Test worker] .s.d.r.c.RepositoryConfigurationDelegate : Finished Spring Data repository scanning in 242ms. Found 3 JPA repository interfaces.
2020-09-19 16:34:48.874  INFO 10076 --- [    Test worker] beddedDataSourceBeanFactoryPostProcessor : Replacing 'dataSource' DataSource bean with embedded version
2020-09-19 16:34:50.612  INFO 10076 --- [    Test worker] o.s.j.d.e.EmbeddedDatabaseFactory        : Starting embedded database: url='jdbc:h2:mem:74dc0efa-1fae-42b2-bd24-6c0636019c2a;DB_CLOSE_DELAY=-1;DB_CLOSE_ON_EXIT=false', username='sa'
2020-09-19 16:34:51.940  INFO 10076 --- [    Test worker] o.hibernate.jpa.internal.util.LogHelper  : HHH000204: Processing PersistenceUnitInfo [name: default]
2020-09-19 16:34:52.064  INFO 10076 --- [    Test worker] org.hibernate.Version                    : HHH000412: Hibernate ORM core version 5.4.20.Final
2020-09-19 16:34:52.184  INFO 10076 --- [    Test worker] o.hibernate.annotations.common.Version   : HCANN000001: Hibernate Commons Annotations {5.1.0.Final}
2020-09-19 16:34:52.589  INFO 10076 --- [    Test worker] org.hibernate.dialect.Dialect            : HHH000400: Using dialect: org.hibernate.dialect.H2Dialect
Hibernate: drop table if exists public.product CASCADE 
Hibernate: drop table if exists public.properties CASCADE 
Hibernate: drop table if exists public.type_product CASCADE 
Hibernate: drop sequence if exists public.prod_id_seq
Hibernate: create sequence public.prod_id_seq start with 1 increment by 1
Hibernate: create table public.product (id_product integer not null, manufacturer varchar(255), price integer, property varchar(255), quantity integer, series_product integer, type_product varchar(255), primary key (id_product))
Hibernate: create table public.properties (name varchar(255) not null, primary key (name))
Hibernate: create table public.type_product (name varchar(255) not null, primary key (name))
2020-09-19 16:34:53.727  INFO 10076 --- [    Test worker] o.h.e.t.j.p.i.JtaPlatformInitiator       : HHH000490: Using JtaPlatform implementation: [org.hibernate.engine.transaction.jta.platform.internal.NoJtaPlatform]
2020-09-19 16:34:53.742  INFO 10076 --- [    Test worker] j.LocalContainerEntityManagerFactoryBean : Initialized JPA EntityManagerFactory for persistence unit 'default'
Hibernate: select typeproduc0_.name as name1_2_0_ from public.type_product typeproduc0_ where typeproduc0_.name=?
Hibernate: insert into public.type_product (name) values (?)
Hibernate: select typeproduc0_.name as name1_2_0_ from public.type_product typeproduc0_ where typeproduc0_.name=?
Hibernate: insert into public.type_product (name) values (?)
Hibernate: select typeproduc0_.name as name1_2_0_ from public.type_product typeproduc0_ where typeproduc0_.name=?
Hibernate: insert into public.type_product (name) values (?)
Hibernate: select typeproduc0_.name as name1_2_0_ from public.type_product typeproduc0_ where typeproduc0_.name=?
Hibernate: insert into public.type_product (name) values (?)
Hibernate: select properties0_.name as name1_1_0_ from public.properties properties0_ where properties0_.name=?
Hibernate: insert into public.properties (name) values (?)
Hibernate: select properties0_.name as name1_1_0_ from public.properties properties0_ where properties0_.name=?
Hibernate: insert into public.properties (name) values (?)
Hibernate: select properties0_.name as name1_1_0_ from public.properties properties0_ where properties0_.name=?
Hibernate: insert into public.properties (name) values (?)
Hibernate: select properties0_.name as name1_1_0_ from public.properties properties0_ where properties0_.name=?
Hibernate: insert into public.properties (name) values (?)
Hibernate: select properties0_.name as name1_1_0_ from public.properties properties0_ where properties0_.name=?
Hibernate: insert into public.properties (name) values (?)
Hibernate: select properties0_.name as name1_1_0_ from public.properties properties0_ where properties0_.name=?
Hibernate: insert into public.properties (name) values (?)
Hibernate: select properties0_.name as name1_1_0_ from public.properties properties0_ where properties0_.name=?
Hibernate: insert into public.properties (name) values (?)
Hibernate: select properties0_.name as name1_1_0_ from public.properties properties0_ where properties0_.name=?
Hibernate: insert into public.properties (name) values (?)
Hibernate: select properties0_.name as name1_1_0_ from public.properties properties0_ where properties0_.name=?
Hibernate: select properties0_.name as name1_1_0_ from public.properties properties0_ where properties0_.name=?
Hibernate: insert into public.properties (name) values (?)
Hibernate: select properties0_.name as name1_1_0_ from public.properties properties0_ where properties0_.name=?
Hibernate: insert into public.properties (name) values (?)
Hibernate: select properties0_.name as name1_1_0_ from public.properties properties0_ where properties0_.name=?
Hibernate: insert into public.properties (name) values (?)
Hibernate: select properties0_.name as name1_1_0_ from public.properties properties0_ where properties0_.name=?
Hibernate: insert into public.properties (name) values (?)
Hibernate: select properties0_.name as name1_1_0_ from public.properties properties0_ where properties0_.name=?
Hibernate: insert into public.properties (name) values (?)
Hibernate: select properties0_.name as name1_1_0_ from public.properties properties0_ where properties0_.name=?
Hibernate: insert into public.properties (name) values (?)
Hibernate: select properties0_.name as name1_1_0_ from public.properties properties0_ where properties0_.name=?
Hibernate: insert into public.properties (name) values (?)
Hibernate: select properties0_.name as name1_1_0_ from public.properties properties0_ where properties0_.name=?
Hibernate: insert into public.properties (name) values (?)
Hibernate: select typeproduc0_.name as name1_2_ from public.type_product typeproduc0_
Hibernate: select typeproduc0_.name as name1_2_ from public.type_product typeproduc0_
Hibernate: select typeproduc0_.name as name1_2_ from public.type_product typeproduc0_
Hibernate: select typeproduc0_.name as name1_2_ from public.type_product typeproduc0_
2020-09-19 16:34:55.639  INFO 10076 --- [    Test worker] r.k.a.demo.service.ProductServiceTest    : Started ProductServiceTest in 9.56 seconds (JVM running for 12.806)
2020-09-19 16:34:55.695  INFO 10076 --- [    Test worker] o.s.t.c.transaction.TransactionContext   : Began transaction (1) for test context [DefaultTestContext@904e97b testClass = ProductServiceTest, testInstance = ru.kashtyra.alexandr.demo.service.ProductServiceTest@1c012b62, testMethod = addWithException@ProductServiceTest, testException = [null], mergedContextConfiguration = [MergedContextConfiguration@5187a468 testClass = ProductServiceTest, locations = '{}', classes = '{class ru.kashtyra.alexandr.demo.DemoApplication}', contextInitializerClasses = '[]', activeProfiles = '{}', propertySourceLocations = '{}', propertySourceProperties = '{org.springframework.boot.test.autoconfigure.orm.jpa.DataJpaTestContextBootstrapper=true}', contextCustomizers = set[org.springframework.boot.test.autoconfigure.OverrideAutoConfigurationContextCustomizerFactory$DisableAutoConfigurationContextCustomizer@77dd23b1, org.springframework.boot.test.autoconfigure.filter.TypeExcludeFiltersContextCustomizer@351584c0, org.springframework.boot.test.autoconfigure.properties.PropertyMappingContextCustomizer@f54244fa, org.springframework.boot.test.autoconfigure.web.servlet.WebDriverContextCustomizerFactory$Customizer@7bb1fc6e, [ImportsContextCustomizer@54d853ab key = [org.springframework.boot.autoconfigure.cache.CacheAutoConfiguration, org.springframework.boot.autoconfigure.data.jpa.JpaRepositoriesAutoConfiguration, org.springframework.boot.autoconfigure.flyway.FlywayAutoConfiguration, org.springframework.boot.autoconfigure.jdbc.DataSourceAutoConfiguration, org.springframework.boot.autoconfigure.jdbc.DataSourceTransactionManagerAutoConfiguration, org.springframework.boot.autoconfigure.jdbc.JdbcTemplateAutoConfiguration, org.springframework.boot.autoconfigure.liquibase.LiquibaseAutoConfiguration, org.springframework.boot.autoconfigure.orm.jpa.HibernateJpaAutoConfiguration, org.springframework.boot.autoconfigure.transaction.TransactionAutoConfiguration, org.springframework.boot.test.autoconfigure.jdbc.TestDatabaseAutoConfiguration, org.springframework.boot.test.autoconfigure.orm.jpa.TestEntityManagerAutoConfiguration]], org.springframework.boot.test.context.filter.ExcludeFilterContextCustomizer@1cfd7d95, org.springframework.boot.test.json.DuplicateJsonObjectContextCustomizerFactory$DuplicateJsonObjectContextCustomizer@65f7dce7, org.springframework.boot.test.mock.mockito.MockitoContextCustomizer@aca74b8c, org.springframework.boot.test.context.SpringBootTestArgs@1], contextLoader = 'org.springframework.boot.test.context.SpringBootContextLoader', parent = [null]], attributes = map[[empty]]]; transaction manager [org.springframework.orm.jpa.JpaTransactionManager@5f3b038b]; rollback [true]
2020-09-19 16:34:55.875  INFO 10076 --- [    Test worker] o.s.t.c.transaction.TransactionContext   : Rolled back transaction for test: [DefaultTestContext@904e97b testClass = ProductServiceTest, testInstance = ru.kashtyra.alexandr.demo.service.ProductServiceTest@1c012b62, testMethod = addWithException@ProductServiceTest, testException = [null], mergedContextConfiguration = [MergedContextConfiguration@5187a468 testClass = ProductServiceTest, locations = '{}', classes = '{class ru.kashtyra.alexandr.demo.DemoApplication}', contextInitializerClasses = '[]', activeProfiles = '{}', propertySourceLocations = '{}', propertySourceProperties = '{org.springframework.boot.test.autoconfigure.orm.jpa.DataJpaTestContextBootstrapper=true}', contextCustomizers = set[org.springframework.boot.test.autoconfigure.OverrideAutoConfigurationContextCustomizerFactory$DisableAutoConfigurationContextCustomizer@77dd23b1, org.springframework.boot.test.autoconfigure.filter.TypeExcludeFiltersContextCustomizer@351584c0, org.springframework.boot.test.autoconfigure.properties.PropertyMappingContextCustomizer@f54244fa, org.springframework.boot.test.autoconfigure.web.servlet.WebDriverContextCustomizerFactory$Customizer@7bb1fc6e, [ImportsContextCustomizer@54d853ab key = [org.springframework.boot.autoconfigure.cache.CacheAutoConfiguration, org.springframework.boot.autoconfigure.data.jpa.JpaRepositoriesAutoConfiguration, org.springframework.boot.autoconfigure.flyway.FlywayAutoConfiguration, org.springframework.boot.autoconfigure.jdbc.DataSourceAutoConfiguration, org.springframework.boot.autoconfigure.jdbc.DataSourceTransactionManagerAutoConfiguration, org.springframework.boot.autoconfigure.jdbc.JdbcTemplateAutoConfiguration, org.springframework.boot.autoconfigure.liquibase.LiquibaseAutoConfiguration, org.springframework.boot.autoconfigure.orm.jpa.HibernateJpaAutoConfiguration, org.springframework.boot.autoconfigure.transaction.TransactionAutoConfiguration, org.springframework.boot.test.autoconfigure.jdbc.TestDatabaseAutoConfiguration, org.springframework.boot.test.autoconfigure.orm.jpa.TestEntityManagerAutoConfiguration]], org.springframework.boot.test.context.filter.ExcludeFilterContextCustomizer@1cfd7d95, org.springframework.boot.test.json.DuplicateJsonObjectContextCustomizerFactory$DuplicateJsonObjectContextCustomizer@65f7dce7, org.springframework.boot.test.mock.mockito.MockitoContextCustomizer@aca74b8c, org.springframework.boot.test.context.SpringBootTestArgs@1], contextLoader = 'org.springframework.boot.test.context.SpringBootContextLoader', parent = [null]], attributes = map[[empty]]]
2020-09-19 16:34:55.947  INFO 10076 --- [    Test worker] o.s.t.c.transaction.TransactionContext   : Began transaction (1) for test context [DefaultTestContext@904e97b testClass = ProductServiceTest, testInstance = ru.kashtyra.alexandr.demo.service.ProductServiceTest@3274bc43, testMethod = addTest@ProductServiceTest, testException = [null], mergedContextConfiguration = [MergedContextConfiguration@5187a468 testClass = ProductServiceTest, locations = '{}', classes = '{class ru.kashtyra.alexandr.demo.DemoApplication}', contextInitializerClasses = '[]', activeProfiles = '{}', propertySourceLocations = '{}', propertySourceProperties = '{org.springframework.boot.test.autoconfigure.orm.jpa.DataJpaTestContextBootstrapper=true}', contextCustomizers = set[org.springframework.boot.test.autoconfigure.OverrideAutoConfigurationContextCustomizerFactory$DisableAutoConfigurationContextCustomizer@77dd23b1, org.springframework.boot.test.autoconfigure.filter.TypeExcludeFiltersContextCustomizer@351584c0, org.springframework.boot.test.autoconfigure.properties.PropertyMappingContextCustomizer@f54244fa, org.springframework.boot.test.autoconfigure.web.servlet.WebDriverContextCustomizerFactory$Customizer@7bb1fc6e, [ImportsContextCustomizer@54d853ab key = [org.springframework.boot.autoconfigure.cache.CacheAutoConfiguration, org.springframework.boot.autoconfigure.data.jpa.JpaRepositoriesAutoConfiguration, org.springframework.boot.autoconfigure.flyway.FlywayAutoConfiguration, org.springframework.boot.autoconfigure.jdbc.DataSourceAutoConfiguration, org.springframework.boot.autoconfigure.jdbc.DataSourceTransactionManagerAutoConfiguration, org.springframework.boot.autoconfigure.jdbc.JdbcTemplateAutoConfiguration, org.springframework.boot.autoconfigure.liquibase.LiquibaseAutoConfiguration, org.springframework.boot.autoconfigure.orm.jpa.HibernateJpaAutoConfiguration, org.springframework.boot.autoconfigure.transaction.TransactionAutoConfiguration, org.springframework.boot.test.autoconfigure.jdbc.TestDatabaseAutoConfiguration, org.springframework.boot.test.autoconfigure.orm.jpa.TestEntityManagerAutoConfiguration]], org.springframework.boot.test.context.filter.ExcludeFilterContextCustomizer@1cfd7d95, org.springframework.boot.test.json.DuplicateJsonObjectContextCustomizerFactory$DuplicateJsonObjectContextCustomizer@65f7dce7, org.springframework.boot.test.mock.mockito.MockitoContextCustomizer@aca74b8c, org.springframework.boot.test.context.SpringBootTestArgs@1], contextLoader = 'org.springframework.boot.test.context.SpringBootContextLoader', parent = [null]], attributes = map[[empty]]]; transaction manager [org.springframework.orm.jpa.JpaTransactionManager@5f3b038b]; rollback [true]
Hibernate: select typeproduc0_.name as name1_2_ from public.type_product typeproduc0_
2020-09-19 16:34:55.983  INFO 10076 --- [    Test worker] o.s.t.c.transaction.TransactionContext   : Rolled back transaction for test: [DefaultTestContext@904e97b testClass = ProductServiceTest, testInstance = ru.kashtyra.alexandr.demo.service.ProductServiceTest@3274bc43, testMethod = addTest@ProductServiceTest, testException = [null], mergedContextConfiguration = [MergedContextConfiguration@5187a468 testClass = ProductServiceTest, locations = '{}', classes = '{class ru.kashtyra.alexandr.demo.DemoApplication}', contextInitializerClasses = '[]', activeProfiles = '{}', propertySourceLocations = '{}', propertySourceProperties = '{org.springframework.boot.test.autoconfigure.orm.jpa.DataJpaTestContextBootstrapper=true}', contextCustomizers = set[org.springframework.boot.test.autoconfigure.OverrideAutoConfigurationContextCustomizerFactory$DisableAutoConfigurationContextCustomizer@77dd23b1, org.springframework.boot.test.autoconfigure.filter.TypeExcludeFiltersContextCustomizer@351584c0, org.springframework.boot.test.autoconfigure.properties.PropertyMappingContextCustomizer@f54244fa, org.springframework.boot.test.autoconfigure.web.servlet.WebDriverContextCustomizerFactory$Customizer@7bb1fc6e, [ImportsContextCustomizer@54d853ab key = [org.springframework.boot.autoconfigure.cache.CacheAutoConfiguration, org.springframework.boot.autoconfigure.data.jpa.JpaRepositoriesAutoConfiguration, org.springframework.boot.autoconfigure.flyway.FlywayAutoConfiguration, org.springframework.boot.autoconfigure.jdbc.DataSourceAutoConfiguration, org.springframework.boot.autoconfigure.jdbc.DataSourceTransactionManagerAutoConfiguration, org.springframework.boot.autoconfigure.jdbc.JdbcTemplateAutoConfiguration, org.springframework.boot.autoconfigure.liquibase.LiquibaseAutoConfiguration, org.springframework.boot.autoconfigure.orm.jpa.HibernateJpaAutoConfiguration, org.springframework.boot.autoconfigure.transaction.TransactionAutoConfiguration, org.springframework.boot.test.autoconfigure.jdbc.TestDatabaseAutoConfiguration, org.springframework.boot.test.autoconfigure.orm.jpa.TestEntityManagerAutoConfiguration]], org.springframework.boot.test.context.filter.ExcludeFilterContextCustomizer@1cfd7d95, org.springframework.boot.test.json.DuplicateJsonObjectContextCustomizerFactory$DuplicateJsonObjectContextCustomizer@65f7dce7, org.springframework.boot.test.mock.mockito.MockitoContextCustomizer@aca74b8c, org.springframework.boot.test.context.SpringBootTestArgs@1], contextLoader = 'org.springframework.boot.test.context.SpringBootContextLoader', parent = [null]], attributes = map[[empty]]]
2020-09-19 16:34:56.037  INFO 10076 --- [    Test worker] o.s.t.c.transaction.TransactionContext   : Began transaction (1) for test context [DefaultTestContext@904e97b testClass = ProductServiceTest, testInstance = ru.kashtyra.alexandr.demo.service.ProductServiceTest@56748a5c, testMethod = editWithException@ProductServiceTest, testException = [null], mergedContextConfiguration = [MergedContextConfiguration@5187a468 testClass = ProductServiceTest, locations = '{}', classes = '{class ru.kashtyra.alexandr.demo.DemoApplication}', contextInitializerClasses = '[]', activeProfiles = '{}', propertySourceLocations = '{}', propertySourceProperties = '{org.springframework.boot.test.autoconfigure.orm.jpa.DataJpaTestContextBootstrapper=true}', contextCustomizers = set[org.springframework.boot.test.autoconfigure.OverrideAutoConfigurationContextCustomizerFactory$DisableAutoConfigurationContextCustomizer@77dd23b1, org.springframework.boot.test.autoconfigure.filter.TypeExcludeFiltersContextCustomizer@351584c0, org.springframework.boot.test.autoconfigure.properties.PropertyMappingContextCustomizer@f54244fa, org.springframework.boot.test.autoconfigure.web.servlet.WebDriverContextCustomizerFactory$Customizer@7bb1fc6e, [ImportsContextCustomizer@54d853ab key = [org.springframework.boot.autoconfigure.cache.CacheAutoConfiguration, org.springframework.boot.autoconfigure.data.jpa.JpaRepositoriesAutoConfiguration, org.springframework.boot.autoconfigure.flyway.FlywayAutoConfiguration, org.springframework.boot.autoconfigure.jdbc.DataSourceAutoConfiguration, org.springframework.boot.autoconfigure.jdbc.DataSourceTransactionManagerAutoConfiguration, org.springframework.boot.autoconfigure.jdbc.JdbcTemplateAutoConfiguration, org.springframework.boot.autoconfigure.liquibase.LiquibaseAutoConfiguration, org.springframework.boot.autoconfigure.orm.jpa.HibernateJpaAutoConfiguration, org.springframework.boot.autoconfigure.transaction.TransactionAutoConfiguration, org.springframework.boot.test.autoconfigure.jdbc.TestDatabaseAutoConfiguration, org.springframework.boot.test.autoconfigure.orm.jpa.TestEntityManagerAutoConfiguration]], org.springframework.boot.test.context.filter.ExcludeFilterContextCustomizer@1cfd7d95, org.springframework.boot.test.json.DuplicateJsonObjectContextCustomizerFactory$DuplicateJsonObjectContextCustomizer@65f7dce7, org.springframework.boot.test.mock.mockito.MockitoContextCustomizer@aca74b8c, org.springframework.boot.test.context.SpringBootTestArgs@1], contextLoader = 'org.springframework.boot.test.context.SpringBootContextLoader', parent = [null]], attributes = map[[empty]]]; transaction manager [org.springframework.orm.jpa.JpaTransactionManager@5f3b038b]; rollback [true]
2020-09-19 16:34:56.056  INFO 10076 --- [    Test worker] o.s.t.c.transaction.TransactionContext   : Rolled back transaction for test: [DefaultTestContext@904e97b testClass = ProductServiceTest, testInstance = ru.kashtyra.alexandr.demo.service.ProductServiceTest@56748a5c, testMethod = editWithException@ProductServiceTest, testException = [null], mergedContextConfiguration = [MergedContextConfiguration@5187a468 testClass = ProductServiceTest, locations = '{}', classes = '{class ru.kashtyra.alexandr.demo.DemoApplication}', contextInitializerClasses = '[]', activeProfiles = '{}', propertySourceLocations = '{}', propertySourceProperties = '{org.springframework.boot.test.autoconfigure.orm.jpa.DataJpaTestContextBootstrapper=true}', contextCustomizers = set[org.springframework.boot.test.autoconfigure.OverrideAutoConfigurationContextCustomizerFactory$DisableAutoConfigurationContextCustomizer@77dd23b1, org.springframework.boot.test.autoconfigure.filter.TypeExcludeFiltersContextCustomizer@351584c0, org.springframework.boot.test.autoconfigure.properties.PropertyMappingContextCustomizer@f54244fa, org.springframework.boot.test.autoconfigure.web.servlet.WebDriverContextCustomizerFactory$Customizer@7bb1fc6e, [ImportsContextCustomizer@54d853ab key = [org.springframework.boot.autoconfigure.cache.CacheAutoConfiguration, org.springframework.boot.autoconfigure.data.jpa.JpaRepositoriesAutoConfiguration, org.springframework.boot.autoconfigure.flyway.FlywayAutoConfiguration, org.springframework.boot.autoconfigure.jdbc.DataSourceAutoConfiguration, org.springframework.boot.autoconfigure.jdbc.DataSourceTransactionManagerAutoConfiguration, org.springframework.boot.autoconfigure.jdbc.JdbcTemplateAutoConfiguration, org.springframework.boot.autoconfigure.liquibase.LiquibaseAutoConfiguration, org.springframework.boot.autoconfigure.orm.jpa.HibernateJpaAutoConfiguration, org.springframework.boot.autoconfigure.transaction.TransactionAutoConfiguration, org.springframework.boot.test.autoconfigure.jdbc.TestDatabaseAutoConfiguration, org.springframework.boot.test.autoconfigure.orm.jpa.TestEntityManagerAutoConfiguration]], org.springframework.boot.test.context.filter.ExcludeFilterContextCustomizer@1cfd7d95, org.springframework.boot.test.json.DuplicateJsonObjectContextCustomizerFactory$DuplicateJsonObjectContextCustomizer@65f7dce7, org.springframework.boot.test.mock.mockito.MockitoContextCustomizer@aca74b8c, org.springframework.boot.test.context.SpringBootTestArgs@1], contextLoader = 'org.springframework.boot.test.context.SpringBootContextLoader', parent = [null]], attributes = map[[empty]]]
2020-09-19 16:34:56.067  INFO 10076 --- [    Test worker] o.s.t.c.transaction.TransactionContext   : Began transaction (1) for test context [DefaultTestContext@904e97b testClass = ProductServiceTest, testInstance = ru.kashtyra.alexandr.demo.service.ProductServiceTest@163bfdbe, testMethod = addTypeException@ProductServiceTest, testException = [null], mergedContextConfiguration = [MergedContextConfiguration@5187a468 testClass = ProductServiceTest, locations = '{}', classes = '{class ru.kashtyra.alexandr.demo.DemoApplication}', contextInitializerClasses = '[]', activeProfiles = '{}', propertySourceLocations = '{}', propertySourceProperties = '{org.springframework.boot.test.autoconfigure.orm.jpa.DataJpaTestContextBootstrapper=true}', contextCustomizers = set[org.springframework.boot.test.autoconfigure.OverrideAutoConfigurationContextCustomizerFactory$DisableAutoConfigurationContextCustomizer@77dd23b1, org.springframework.boot.test.autoconfigure.filter.TypeExcludeFiltersContextCustomizer@351584c0, org.springframework.boot.test.autoconfigure.properties.PropertyMappingContextCustomizer@f54244fa, org.springframework.boot.test.autoconfigure.web.servlet.WebDriverContextCustomizerFactory$Customizer@7bb1fc6e, [ImportsContextCustomizer@54d853ab key = [org.springframework.boot.autoconfigure.cache.CacheAutoConfiguration, org.springframework.boot.autoconfigure.data.jpa.JpaRepositoriesAutoConfiguration, org.springframework.boot.autoconfigure.flyway.FlywayAutoConfiguration, org.springframework.boot.autoconfigure.jdbc.DataSourceAutoConfiguration, org.springframework.boot.autoconfigure.jdbc.DataSourceTransactionManagerAutoConfiguration, org.springframework.boot.autoconfigure.jdbc.JdbcTemplateAutoConfiguration, org.springframework.boot.autoconfigure.liquibase.LiquibaseAutoConfiguration, org.springframework.boot.autoconfigure.orm.jpa.HibernateJpaAutoConfiguration, org.springframework.boot.autoconfigure.transaction.TransactionAutoConfiguration, org.springframework.boot.test.autoconfigure.jdbc.TestDatabaseAutoConfiguration, org.springframework.boot.test.autoconfigure.orm.jpa.TestEntityManagerAutoConfiguration]], org.springframework.boot.test.context.filter.ExcludeFilterContextCustomizer@1cfd7d95, org.springframework.boot.test.json.DuplicateJsonObjectContextCustomizerFactory$DuplicateJsonObjectContextCustomizer@65f7dce7, org.springframework.boot.test.mock.mockito.MockitoContextCustomizer@aca74b8c, org.springframework.boot.test.context.SpringBootTestArgs@1], contextLoader = 'org.springframework.boot.test.context.SpringBootContextLoader', parent = [null]], attributes = map[[empty]]]; transaction manager [org.springframework.orm.jpa.JpaTransactionManager@5f3b038b]; rollback [true]
Hibernate: select typeproduc0_.name as name1_2_ from public.type_product typeproduc0_
2020-09-19 16:34:56.100  INFO 10076 --- [    Test worker] o.s.t.c.transaction.TransactionContext   : Rolled back transaction for test: [DefaultTestContext@904e97b testClass = ProductServiceTest, testInstance = ru.kashtyra.alexandr.demo.service.ProductServiceTest@163bfdbe, testMethod = addTypeException@ProductServiceTest, testException = [null], mergedContextConfiguration = [MergedContextConfiguration@5187a468 testClass = ProductServiceTest, locations = '{}', classes = '{class ru.kashtyra.alexandr.demo.DemoApplication}', contextInitializerClasses = '[]', activeProfiles = '{}', propertySourceLocations = '{}', propertySourceProperties = '{org.springframework.boot.test.autoconfigure.orm.jpa.DataJpaTestContextBootstrapper=true}', contextCustomizers = set[org.springframework.boot.test.autoconfigure.OverrideAutoConfigurationContextCustomizerFactory$DisableAutoConfigurationContextCustomizer@77dd23b1, org.springframework.boot.test.autoconfigure.filter.TypeExcludeFiltersContextCustomizer@351584c0, org.springframework.boot.test.autoconfigure.properties.PropertyMappingContextCustomizer@f54244fa, org.springframework.boot.test.autoconfigure.web.servlet.WebDriverContextCustomizerFactory$Customizer@7bb1fc6e, [ImportsContextCustomizer@54d853ab key = [org.springframework.boot.autoconfigure.cache.CacheAutoConfiguration, org.springframework.boot.autoconfigure.data.jpa.JpaRepositoriesAutoConfiguration, org.springframework.boot.autoconfigure.flyway.FlywayAutoConfiguration, org.springframework.boot.autoconfigure.jdbc.DataSourceAutoConfiguration, org.springframework.boot.autoconfigure.jdbc.DataSourceTransactionManagerAutoConfiguration, org.springframework.boot.autoconfigure.jdbc.JdbcTemplateAutoConfiguration, org.springframework.boot.autoconfigure.liquibase.LiquibaseAutoConfiguration, org.springframework.boot.autoconfigure.orm.jpa.HibernateJpaAutoConfiguration, org.springframework.boot.autoconfigure.transaction.TransactionAutoConfiguration, org.springframework.boot.test.autoconfigure.jdbc.TestDatabaseAutoConfiguration, org.springframework.boot.test.autoconfigure.orm.jpa.TestEntityManagerAutoConfiguration]], org.springframework.boot.test.context.filter.ExcludeFilterContextCustomizer@1cfd7d95, org.springframework.boot.test.json.DuplicateJsonObjectContextCustomizerFactory$DuplicateJsonObjectContextCustomizer@65f7dce7, org.springframework.boot.test.mock.mockito.MockitoContextCustomizer@aca74b8c, org.springframework.boot.test.context.SpringBootTestArgs@1], contextLoader = 'org.springframework.boot.test.context.SpringBootContextLoader', parent = [null]], attributes = map[[empty]]]
]]></system-out>
  <system-err><![CDATA[]]></system-err>
</testsuite>
